{
  "RSpec": {
    "coverage": {
      "/Users/razvanciocanel/Development/opiniodev-rails-app/config/environment.rb": [
        null,
        1,
        null,
        null,
        1,
        1,
        null,
        null,
        null,
        1
      ],
      "/Users/razvanciocanel/Development/opiniodev-rails-app/config/application.rb": [
        1,
        null,
        null,
        null,
        1,
        1,
        1,
        1,
        1,
        null,
        1,
        null,
        1,
        null,
        null,
        null,
        null,
        1,
        1,
        null,
        null,
        null,
        null,
        null,
        null,
        null,
        null,
        null,
        null,
        null,
        null,
        null,
        null,
        null,
        null,
        null,
        null,
        null,
        null,
        null,
        null,
        null,
        1,
        null,
        null,
        1,
        null,
        null,
        1,
        null,
        null,
        null,
        null,
        null,
        null,
        null,
        null,
        null,
        null,
        null,
        null,
        null,
        1,
        null,
        null,
        1,
        null,
        null
      ],
      "/Users/razvanciocanel/Development/opiniodev-rails-app/config/boot.rb": [
        1,
        null,
        null,
        1,
        null,
        1
      ],
      "/Users/razvanciocanel/Development/opiniodev-rails-app/config/heroku_env.rb": [
        null,
        null,
        null,
        null,
        null,
        1,
        1,
        1,
        1
      ],
      "/Users/razvanciocanel/Development/opiniodev-rails-app/config/environments/test.rb": [
        1,
        null,
        null,
        null,
        null,
        null,
        null,
        1,
        null,
        null,
        1,
        1,
        null,
        null,
        1,
        null,
        null,
        1,
        1,
        null,
        null,
        1,
        null,
        null,
        1,
        null,
        null,
        null,
        null,
        1,
        null,
        null,
        null,
        1,
        null
      ],
      "/Users/razvanciocanel/Development/opiniodev-rails-app/config/initializers/backtrace_silencers.rb": [
        null,
        null,
        null,
        null,
        null,
        null,
        null
      ],
      "/Users/razvanciocanel/Development/opiniodev-rails-app/config/initializers/inflections.rb": [
        null,
        null,
        null,
        null,
        null,
        null,
        null,
        null,
        null,
        null,
        null,
        null,
        null,
        null,
        null
      ],
      "/Users/razvanciocanel/Development/opiniodev-rails-app/config/initializers/mime_types.rb": [
        null,
        null,
        null,
        null,
        null
      ],
      "/Users/razvanciocanel/Development/opiniodev-rails-app/config/initializers/omniauth.rb": [
        1,
        1,
        1,
        null
      ],
      "/Users/razvanciocanel/Development/opiniodev-rails-app/config/initializers/secret_token.rb": [
        null,
        null,
        null,
        null,
        null,
        null,
        1
      ],
      "/Users/razvanciocanel/Development/opiniodev-rails-app/config/initializers/session_store.rb": [
        null,
        null,
        1,
        null,
        null,
        null,
        null,
        null
      ],
      "/Users/razvanciocanel/Development/opiniodev-rails-app/config/initializers/wrap_parameters.rb": [
        null,
        null,
        null,
        null,
        null,
        null,
        1,
        1,
        null,
        null
      ],
      "/Users/razvanciocanel/Development/opiniodev-rails-app/app/controllers/application_controller.rb": [
        1,
        1,
        1,
        null,
        1,
        1,
        0,
        null,
        null
      ],
      "/Users/razvanciocanel/Development/opiniodev-rails-app/app/helpers/application_helper.rb": [
        1,
        null,
        1,
        0,
        null,
        null,
        1,
        0,
        null,
        null,
        1,
        0,
        null,
        1,
        0,
        0,
        null,
        0,
        0,
        0,
        0,
        null,
        0,
        0,
        null,
        0,
        0,
        null,
        null,
        null,
        0,
        0,
        0,
        0,
        0,
        null,
        0,
        0,
        null,
        null,
        0,
        null,
        0,
        null,
        0,
        null,
        0,
        null,
        0,
        null,
        null,
        null,
        null,
        null,
        null,
        1,
        0,
        0,
        null,
        0,
        null,
        null,
        null,
        1,
        0,
        0,
        0,
        null,
        null,
        0,
        null,
        null,
        null,
        1,
        0,
        null,
        null,
        1,
        0,
        null,
        null,
        1,
        null,
        1,
        0,
        0,
        null,
        0,
        null,
        0,
        null,
        null,
        null
      ],
      "/Users/razvanciocanel/Development/opiniodev-rails-app/app/helpers/home_helper.rb": [
        1,
        null
      ],
      "/Users/razvanciocanel/Development/opiniodev-rails-app/app/helpers/ideas_helper.rb": [
        1,
        null
      ],
      "/Users/razvanciocanel/Development/opiniodev-rails-app/app/helpers/sessions_helper.rb": [
        1,
        null
      ],
      "/Users/razvanciocanel/Development/opiniodev-rails-app/app/helpers/users_helper.rb": [
        1,
        null
      ],
      "/Users/razvanciocanel/Development/opiniodev-rails-app/app/controllers/home_controller.rb": [
        1,
        null
      ],
      "/Users/razvanciocanel/Development/opiniodev-rails-app/app/controllers/ideas_controller.rb": [
        1,
        null,
        1,
        0,
        null,
        0,
        0,
        null,
        null,
        null,
        null,
        null,
        null,
        1,
        0,
        0,
        0,
        0,
        null,
        null,
        null,
        null,
        1,
        0,
        0,
        0,
        null,
        null,
        null,
        null,
        null,
        null,
        null,
        1,
        0,
        null,
        0,
        0,
        0,
        0,
        null,
        0,
        0,
        null,
        null,
        null,
        null,
        null,
        null,
        null,
        1,
        0,
        0,
        0,
        null,
        null,
        null,
        null,
        null,
        null,
        null,
        1,
        null,
        0,
        0,
        0,
        0,
        0,
        null,
        null,
        null,
        null,
        null,
        1,
        0,
        null,
        0,
        0,
        0,
        null,
        null,
        null,
        null,
        null,
        1,
        0,
        null,
        0,
        0,
        0,
        0,
        null,
        0,
        0,
        null,
        0,
        0,
        null,
        null,
        null,
        null,
        null
      ],
      "/Users/razvanciocanel/Development/opiniodev-rails-app/app/models/idea.rb": [
        1,
        1,
        1,
        1,
        1,
        null,
        1,
        1,
        null,
        null
      ],
      "/Users/razvanciocanel/Development/opiniodev-rails-app/app/controllers/sessions_controller.rb": [
        1,
        1,
        0,
        0,
        0,
        0,
        null,
        null,
        1,
        0,
        0,
        null,
        null
      ],
      "/Users/razvanciocanel/Development/opiniodev-rails-app/app/controllers/users_controller.rb": [
        1,
        null,
        null,
        1,
        0,
        null,
        0,
        0,
        0,
        null,
        null,
        null,
        null,
        null,
        1,
        0,
        null,
        0,
        0,
        0,
        null,
        null,
        null,
        null,
        null,
        1,
        0,
        null,
        0,
        0,
        0,
        null,
        null,
        null,
        null,
        1,
        0,
        null,
        null,
        null,
        null,
        1,
        0,
        null,
        0,
        0,
        0,
        0,
        null,
        0,
        0,
        null,
        null,
        null,
        null,
        null,
        null,
        1,
        0,
        null,
        0,
        0,
        0,
        0,
        null,
        0,
        0,
        null,
        null,
        null,
        null,
        null,
        null,
        1,
        0,
        0,
        null,
        0,
        0,
        0,
        null,
        null,
        null
      ],
      "/Users/razvanciocanel/Development/opiniodev-rails-app/app/models/user.rb": [
        1,
        1,
        1,
        1,
        1,
        1,
        1,
        null,
        1,
        null,
        1,
        null,
        1,
        0,
        0,
        0,
        0,
        null,
        null,
        null
      ],
      "/Users/razvanciocanel/Development/opiniodev-rails-app/app/models/ability.rb": [
        1,
        1,
        null,
        1,
        null,
        null,
        null,
        null,
        null,
        null,
        null,
        null,
        null,
        null,
        null,
        null,
        null,
        null,
        null,
        null,
        null,
        null,
        null,
        null,
        null,
        null,
        null,
        null,
        null,
        null,
        null,
        null
      ],
      "/Users/razvanciocanel/Development/opiniodev-rails-app/spec/factories.rb": [
        1,
        1,
        1,
        1,
        2,
        null,
        null,
        1,
        1,
        1,
        1,
        null,
        null,
        null
      ],
      "/Users/razvanciocanel/Development/opiniodev-rails-app/config/routes.rb": [
        1,
        1,
        1,
        null,
        1,
        1,
        1,
        1,
        null,
        null,
        1,
        null
      ],
      "/Users/razvanciocanel/Development/opiniodev-rails-app/spec/support/factory_girl.rb": [
        1,
        1,
        null
      ]
    },
    "timestamp": 1364662936
  },
  "Cucumber Features": {
    "coverage": {
      "/Users/razvanciocanel/Development/opiniodev-rails-app/config/environment.rb": [
        null,
        1,
        null,
        null,
        1,
        1,
        null,
        null,
        null,
        1
      ],
      "/Users/razvanciocanel/Development/opiniodev-rails-app/config/application.rb": [
        1,
        null,
        null,
        null,
        1,
        1,
        1,
        1,
        1,
        null,
        1,
        null,
        1,
        null,
        null,
        null,
        null,
        1,
        1,
        null,
        null,
        null,
        null,
        null,
        null,
        null,
        null,
        null,
        null,
        null,
        null,
        null,
        null,
        null,
        null,
        null,
        null,
        null,
        null,
        null,
        null,
        null,
        1,
        null,
        null,
        1,
        null,
        null,
        1,
        null,
        null,
        null,
        null,
        null,
        null,
        null,
        null,
        null,
        null,
        null,
        null,
        null,
        1,
        null,
        null,
        1,
        null,
        null
      ],
      "/Users/razvanciocanel/Development/opiniodev-rails-app/config/boot.rb": [
        1,
        null,
        null,
        1,
        null,
        1
      ],
      "/Users/razvanciocanel/Development/opiniodev-rails-app/config/heroku_env.rb": [
        null,
        null,
        null,
        null,
        null,
        1,
        1,
        1,
        1
      ],
      "/Users/razvanciocanel/Development/opiniodev-rails-app/config/environments/test.rb": [
        1,
        null,
        null,
        null,
        null,
        null,
        null,
        1,
        null,
        null,
        1,
        1,
        null,
        null,
        1,
        null,
        null,
        1,
        1,
        null,
        null,
        1,
        null,
        null,
        1,
        null,
        null,
        null,
        null,
        1,
        null,
        null,
        null,
        1,
        null
      ],
      "/Users/razvanciocanel/Development/opiniodev-rails-app/config/initializers/backtrace_silencers.rb": [
        null,
        null,
        null,
        null,
        null,
        null,
        null
      ],
      "/Users/razvanciocanel/Development/opiniodev-rails-app/config/initializers/inflections.rb": [
        null,
        null,
        null,
        null,
        null,
        null,
        null,
        null,
        null,
        null,
        null,
        null,
        null,
        null,
        null
      ],
      "/Users/razvanciocanel/Development/opiniodev-rails-app/config/initializers/mime_types.rb": [
        null,
        null,
        null,
        null,
        null
      ],
      "/Users/razvanciocanel/Development/opiniodev-rails-app/config/initializers/omniauth.rb": [
        1,
        1,
        1,
        null
      ],
      "/Users/razvanciocanel/Development/opiniodev-rails-app/config/initializers/secret_token.rb": [
        null,
        null,
        null,
        null,
        null,
        null,
        1
      ],
      "/Users/razvanciocanel/Development/opiniodev-rails-app/config/initializers/session_store.rb": [
        null,
        null,
        1,
        null,
        null,
        null,
        null,
        null
      ],
      "/Users/razvanciocanel/Development/opiniodev-rails-app/config/initializers/wrap_parameters.rb": [
        null,
        null,
        null,
        null,
        null,
        null,
        1,
        1,
        null,
        null
      ],
      "/Users/razvanciocanel/Development/opiniodev-rails-app/app/controllers/application_controller.rb": [
        1,
        1,
        1,
        null,
        1,
        1,
        1,
        null,
        null
      ],
      "/Users/razvanciocanel/Development/opiniodev-rails-app/app/helpers/application_helper.rb": [
        1,
        null,
        1,
        0,
        null,
        null,
        1,
        0,
        null,
        null,
        1,
        0,
        null,
        1,
        1,
        1,
        null,
        1,
        0,
        0,
        0,
        null,
        0,
        0,
        null,
        0,
        0,
        null,
        null,
        null,
        1,
        0,
        0,
        0,
        0,
        null,
        0,
        0,
        null,
        null,
        0,
        null,
        0,
        null,
        0,
        null,
        0,
        null,
        0,
        null,
        null,
        null,
        null,
        null,
        null,
        1,
        0,
        0,
        null,
        0,
        null,
        null,
        null,
        1,
        0,
        0,
        0,
        null,
        null,
        0,
        null,
        null,
        null,
        1,
        0,
        null,
        null,
        1,
        0,
        null,
        null,
        1,
        null,
        1,
        0,
        0,
        null,
        0,
        null,
        0,
        null,
        null,
        null
      ],
      "/Users/razvanciocanel/Development/opiniodev-rails-app/app/helpers/home_helper.rb": [
        1,
        null
      ],
      "/Users/razvanciocanel/Development/opiniodev-rails-app/app/helpers/ideas_helper.rb": [
        1,
        null
      ],
      "/Users/razvanciocanel/Development/opiniodev-rails-app/app/helpers/sessions_helper.rb": [
        1,
        null
      ],
      "/Users/razvanciocanel/Development/opiniodev-rails-app/app/helpers/users_helper.rb": [
        1,
        null
      ],
      "/Users/razvanciocanel/Development/opiniodev-rails-app/app/controllers/home_controller.rb": [
        1,
        null
      ],
      "/Users/razvanciocanel/Development/opiniodev-rails-app/app/controllers/ideas_controller.rb": [
        1,
        null,
        1,
        0,
        null,
        0,
        0,
        0,
        null,
        null,
        null,
        null,
        null,
        null,
        1,
        0,
        0,
        0,
        0,
        null,
        null,
        null,
        null,
        1,
        0,
        0,
        0,
        null,
        null,
        null,
        null,
        null,
        null,
        null,
        1,
        0,
        null,
        0,
        0,
        0,
        0,
        null,
        0,
        0,
        null,
        null,
        null,
        null,
        null,
        null,
        null,
        1,
        0,
        0,
        0,
        null,
        null,
        null,
        null,
        null,
        null,
        null,
        1,
        null,
        0,
        0,
        0,
        0,
        0,
        null,
        null,
        null,
        null,
        null,
        1,
        0,
        null,
        0,
        0,
        0,
        null,
        null,
        null,
        null,
        null,
        1,
        0,
        null,
        0,
        0,
        0,
        0,
        null,
        0,
        0,
        null,
        0,
        0,
        null,
        null,
        null,
        null,
        null
      ],
      "/Users/razvanciocanel/Development/opiniodev-rails-app/app/models/idea.rb": [
        1,
        1,
        1,
        1,
        1,
        null,
        1,
        1,
        null,
        null
      ],
      "/Users/razvanciocanel/Development/opiniodev-rails-app/app/controllers/sessions_controller.rb": [
        1,
        1,
        0,
        0,
        0,
        0,
        null,
        null,
        1,
        0,
        0,
        null,
        null
      ],
      "/Users/razvanciocanel/Development/opiniodev-rails-app/app/controllers/users_controller.rb": [
        1,
        null,
        null,
        1,
        0,
        null,
        0,
        0,
        0,
        null,
        null,
        null,
        null,
        null,
        1,
        0,
        null,
        0,
        0,
        0,
        null,
        null,
        null,
        null,
        null,
        1,
        0,
        null,
        0,
        0,
        0,
        null,
        null,
        null,
        null,
        1,
        0,
        null,
        null,
        null,
        null,
        1,
        0,
        null,
        0,
        0,
        0,
        0,
        null,
        0,
        0,
        null,
        null,
        null,
        null,
        null,
        null,
        1,
        0,
        null,
        0,
        0,
        0,
        0,
        null,
        0,
        0,
        null,
        null,
        null,
        null,
        null,
        null,
        1,
        0,
        0,
        null,
        0,
        0,
        0,
        null,
        null,
        null
      ],
      "/Users/razvanciocanel/Development/opiniodev-rails-app/app/models/user.rb": [
        1,
        1,
        1,
        1,
        1,
        1,
        1,
        null,
        1,
        null,
        1,
        null,
        1,
        0,
        0,
        0,
        0,
        null,
        null,
        null
      ],
      "/Users/razvanciocanel/Development/opiniodev-rails-app/app/models/ability.rb": [
        1,
        1,
        null,
        1,
        null,
        null,
        null,
        null,
        null,
        null,
        null,
        null,
        null,
        null,
        null,
        null,
        null,
        null,
        null,
        null,
        null,
        null,
        null,
        null,
        null,
        null,
        null,
        null,
        null,
        null,
        null,
        null
      ],
      "/Users/razvanciocanel/Development/opiniodev-rails-app/spec/factories.rb": [
        1,
        1,
        1,
        1,
        2,
        null,
        null,
        1,
        1,
        1,
        1,
        null,
        null,
        null
      ],
      "/Users/razvanciocanel/Development/opiniodev-rails-app/config/routes.rb": [
        1,
        1,
        1,
        null,
        1,
        1,
        1,
        1,
        null,
        null,
        1,
        null
      ],
      "/Users/razvanciocanel/Development/opiniodev-rails-app/spec/support/factory_girl.rb": [
        1,
        1,
        null
      ]
    },
    "timestamp": 1364661106
  }
}
